<?xml version="1.0" encoding="UTF-8"?>
<coverage generated="1685230797233" clover="3.2.0">
  <project timestamp="1685230797233" name="All files">
    <metrics statements="29" coveredstatements="27" conditionals="5" coveredconditionals="5" methods="4" coveredmethods="3" elements="38" coveredelements="35" complexity="0" loc="29" ncloc="29" packages="1" files="1" classes="1"/>
    <file name="App.jsx" path="C:\Users\Les\Desktop\sandbox\react\vitest-react\src\App.jsx">
      <metrics statements="29" coveredstatements="27" conditionals="5" coveredconditionals="5" methods="4" coveredmethods="3"/>
      <line num="1" count="1" type="stmt"/>
      <line num="2" count="1" type="stmt"/>
      <line num="3" count="1" type="stmt"/>
      <line num="4" count="7" type="cond" truecount="1" falsecount="0"/>
      <line num="5" count="7" type="stmt"/>
      <line num="6" count="7" type="stmt"/>
      <line num="7" count="7" type="stmt"/>
      <line num="8" count="7" type="stmt"/>
      <line num="9" count="0" type="stmt"/>
      <line num="10" count="0" type="stmt"/>
      <line num="11" count="7" type="stmt"/>
      <line num="12" count="7" type="stmt"/>
      <line num="13" count="7" type="stmt"/>
      <line num="14" count="7" type="stmt"/>
      <line num="15" count="7" type="stmt"/>
      <line num="16" count="7" type="stmt"/>
      <line num="17" count="7" type="stmt"/>
      <line num="18" count="7" type="cond" truecount="1" falsecount="0"/>
      <line num="19" count="7" type="stmt"/>
      <line num="20" count="7" type="stmt"/>
      <line num="21" count="7" type="cond" truecount="2" falsecount="0"/>
      <line num="22" count="7" type="stmt"/>
      <line num="23" count="7" type="stmt"/>
      <line num="24" count="7" type="cond" truecount="1" falsecount="0"/>
      <line num="25" count="7" type="stmt"/>
      <line num="26" count="7" type="stmt"/>
      <line num="27" count="7" type="stmt"/>
      <line num="28" count="7" type="stmt"/>
      <line num="29" count="7" type="stmt"/>
    </file>
  </project>
</coverage>
